<?xml version="1.0" encoding="UTF-8"?>
<!-- Generated by org.testng.reporters.JUnitXMLReporter -->
<testsuite ignored="0" hostname="DESKTOP-DJ4FDME" failures="0" tests="3" name="Default test" time="78.813" errors="0" timestamp="2024-02-17T08:25:31 IST">
  <testcase classname="org.mpasis.automation.uo.testcases.SignInScenario_ddf" name="validate_signin_func" time="14.9"/>
  <testcase classname="org.mpasis.automation.uo.testcases.SignInScenario_ddf" name="validate_signin_func" time="16.258"/>
  <testcase classname="org.mpasis.automation.uo.testcases.SignInScenario_ddf" name="validate_signin_func" time="27.02"/>
</testsuite> <!-- Default test -->
